<?xml version="1.0" encoding="utf-8"?>
<coverage line-rate="1" branch-rate="1" version="1.9" timestamp="1773869820" lines-covered="3" lines-valid="3" branches-covered="0" branches-valid="0">
  <sources>
    <source>/</source>
  </sources>
  <packages>
    <package name="ResQ.Protocols" line-rate="1" branch-rate="1" complexity="3">
      <classes>
        <class name="ResQ.Protocols.ProtocolExtensions" filename="home/wombocombo/github/wrk/dotnet-sdk/ResQ.Protocols/ProtocolExtensions.cs" line-rate="1" branch-rate="1" complexity="3">
          <methods>
            <method name="FromUnixMs" signature="(System.Int64)" line-rate="1" branch-rate="1" complexity="1">
              <lines>
                <line number="67" hits="6" branch="False" />
              </lines>
            </method>
            <method name="ToUnixMs" signature="(System.DateTimeOffset)" line-rate="1" branch-rate="1" complexity="1">
              <lines>
                <line number="96" hits="2" branch="False" />
              </lines>
            </method>
            <method name="NowUnixMs" signature="()" line-rate="1" branch-rate="1" complexity="1">
              <lines>
                <line number="119" hits="3" branch="False" />
              </lines>
            </method>
          </methods>
          <lines>
            <line number="67" hits="6" branch="False" />
            <line number="96" hits="2" branch="False" />
            <line number="119" hits="3" branch="False" />
          </lines>
        </class>
      </classes>
    </package>
  </packages>
</coverage>