<?xml version="1.0" encoding="utf-8"?>
<coverage line-rate="0.7397" branch-rate="0.5" version="1.9" timestamp="1773869889" lines-covered="162" lines-valid="219" branches-covered="34" branches-valid="68">
  <sources>
    <source>/home/wombocombo/github/wrk/dotnet-sdk/ResQ.Storage/</source>
  </sources>
  <packages>
    <package name="ResQ.Storage" line-rate="0.7397" branch-rate="0.5" complexity="111">
      <classes>
        <class name="ResQ.Storage.UploadResult" filename="IStorageClient.cs" line-rate="0.875" branch-rate="1" complexity="7">
          <methods>
            <method name="get_Cid" signature="()" line-rate="1" branch-rate="1" complexity="1">
              <lines>
                <line number="42" hits="3" branch="False" />
              </lines>
            </method>
            <method name="get_FileName" signature="()" line-rate="1" branch-rate="1" complexity="1">
              <lines>
                <line number="43" hits="1" branch="False" />
              </lines>
            </method>
            <method name="get_SizeBytes" signature="()" line-rate="1" branch-rate="1" complexity="1">
              <lines>
                <line number="44" hits="1" branch="False" />
              </lines>
            </method>
            <method name="get_ContentType" signature="()" line-rate="1" branch-rate="1" complexity="1">
              <lines>
                <line number="45" hits="5" branch="False" />
              </lines>
            </method>
            <method name="get_IsPinned" signature="()" line-rate="1" branch-rate="1" complexity="1">
              <lines>
                <line number="46" hits="1" branch="False" />
              </lines>
            </method>
            <method name="get_Timestamp" signature="()" line-rate="0" branch-rate="1" complexity="1">
              <lines>
                <line number="47" hits="0" branch="False" />
              </lines>
            </method>
            <method name=".ctor" signature="(System.String,System.String,System.Int64,System.String,System.Boolean,System.DateTimeOffset)" line-rate="1" branch-rate="1" complexity="1">
              <lines>
                <line number="41" hits="7" branch="False" />
                <line number="48" hits="7" branch="False" />
              </lines>
            </method>
          </methods>
          <lines>
            <line number="42" hits="3" branch="False" />
            <line number="43" hits="1" branch="False" />
            <line number="44" hits="1" branch="False" />
            <line number="45" hits="5" branch="False" />
            <line number="46" hits="1" branch="False" />
            <line number="47" hits="0" branch="False" />
            <line number="41" hits="7" branch="False" />
            <line number="48" hits="7" branch="False" />
          </lines>
        </class>
        <class name="ResQ.Storage.PinMetadata" filename="IStorageClient.cs" line-rate="0.5714" branch-rate="1" complexity="6">
          <methods>
            <method name="get_Cid" signature="()" line-rate="1" branch-rate="1" complexity="1">
              <lines>
                <line number="78" hits="2" branch="False" />
              </lines>
            </method>
            <method name="get_Name" signature="()" line-rate="1" branch-rate="1" complexity="1">
              <lines>
                <line number="79" hits="1" branch="False" />
              </lines>
            </method>
            <method name="get_SizeBytes" signature="()" line-rate="0" branch-rate="1" complexity="1">
              <lines>
                <line number="80" hits="0" branch="False" />
              </lines>
            </method>
            <method name="get_PinnedAt" signature="()" line-rate="0" branch-rate="1" complexity="1">
              <lines>
                <line number="81" hits="0" branch="False" />
              </lines>
            </method>
            <method name="get_KeyValues" signature="()" line-rate="0" branch-rate="1" complexity="1">
              <lines>
                <line number="82" hits="0" branch="False" />
              </lines>
            </method>
            <method name=".ctor" signature="(System.String,System.String,System.Int64,System.DateTimeOffset,System.Collections.Generic.Dictionary`2&lt;System.String,System.String&gt;)" line-rate="1" branch-rate="1" complexity="1">
              <lines>
                <line number="77" hits="3" branch="False" />
                <line number="83" hits="3" branch="False" />
              </lines>
            </method>
          </methods>
          <lines>
            <line number="78" hits="2" branch="False" />
            <line number="79" hits="1" branch="False" />
            <line number="80" hits="0" branch="False" />
            <line number="81" hits="0" branch="False" />
            <line number="82" hits="0" branch="False" />
            <line number="77" hits="3" branch="False" />
            <line number="83" hits="3" branch="False" />
          </lines>
        </class>
        <class name="ResQ.Storage.PinataClient" filename="PinataClient.cs" line-rate="0.5483" branch-rate="0.0833" complexity="16">
          <methods>
            <method name="BuildResiliencePipeline" signature="()" line-rate="0.75" branch-rate="1" complexity="1">
              <lines>
                <line number="125" hits="16" branch="False" />
                <line number="126" hits="16" branch="False" />
                <line number="127" hits="16" branch="False" />
                <line number="128" hits="16" branch="False" />
                <line number="129" hits="16" branch="False" />
                <line number="130" hits="16" branch="False" />
                <line number="131" hits="16" branch="False" />
                <line number="132" hits="16" branch="False" />
                <line number="133" hits="8" branch="False" />
                <line number="134" hits="16" branch="False" />
                <line number="135" hits="16" branch="False" />
                <line number="136" hits="0" branch="False" />
                <line number="137" hits="0" branch="False" />
                <line number="138" hits="0" branch="False" />
                <line number="139" hits="0" branch="False" />
                <line number="140" hits="16" branch="False" />
                <line number="141" hits="16" branch="False" />
                <line number="142" hits="16" branch="False" />
                <line number="143" hits="0" branch="False" />
                <line number="144" hits="0" branch="False" />
                <line number="145" hits="16" branch="False" />
                <line number="146" hits="16" branch="False" />
                <line number="147" hits="16" branch="False" />
                <line number="148" hits="16" branch="False" />
              </lines>
            </method>
            <method name="ConfigureHttpClient" signature="()" line-rate="0.3846" branch-rate="0.125" complexity="8">
              <lines>
                <line number="165" hits="16" branch="False" />
                <line number="166" hits="16" branch="False" />
                <line number="168" hits="16" branch="True" condition-coverage="50% (1/2)">
                  <conditions>
                    <condition number="71" type="jump" coverage="50%" />
                  </conditions>
                </line>
                <line number="170" hits="16" branch="False" />
                <line number="171" hits="16" branch="False" />
                <line number="173" hits="0" branch="True" condition-coverage="0% (0/4)">
                  <conditions>
                    <condition number="127" type="jump" coverage="0%" />
                    <condition number="145" type="jump" coverage="0%" />
                  </conditions>
                </line>
                <line number="175" hits="0" branch="False" />
                <line number="176" hits="0" branch="False" />
                <line number="178" hits="0" branch="True" condition-coverage="0% (0/2)">
                  <conditions>
                    <condition number="223" type="jump" coverage="0%" />
                  </conditions>
                </line>
                <line number="181" hits="0" branch="False" />
                <line number="182" hits="0" branch="False" />
                <line number="183" hits="0" branch="False" />
                <line number="185" hits="0" branch="False" />
              </lines>
            </method>
            <method name="GetGatewayUrl" signature="(System.String)" line-rate="1" branch-rate="1" complexity="1">
              <lines>
                <line number="435" hits="2" branch="False" />
              </lines>
            </method>
            <method name="MockUploadAsync" signature="(System.IO.Stream,System.String,System.String,System.Collections.Generic.Dictionary`2&lt;System.String,System.String&gt;)" line-rate="0" branch-rate="1" complexity="1">
              <lines>
                <line number="458" hits="0" branch="False" />
                <line number="459" hits="0" branch="False" />
                <line number="460" hits="0" branch="False" />
                <line number="462" hits="0" branch="False" />
                <line number="463" hits="0" branch="False" />
                <line number="464" hits="0" branch="False" />
                <line number="466" hits="0" branch="False" />
                <line number="467" hits="0" branch="False" />
                <line number="468" hits="0" branch="False" />
                <line number="469" hits="0" branch="False" />
                <line number="470" hits="0" branch="False" />
                <line number="471" hits="0" branch="False" />
                <line number="472" hits="0" branch="False" />
                <line number="473" hits="0" branch="False" />
              </lines>
            </method>
            <method name=".ctor" signature="(System.Net.Http.HttpClient,Microsoft.Extensions.Options.IOptions`1&lt;ResQ.Storage.PinataOptions&gt;,Microsoft.Extensions.Logging.ILogger`1&lt;ResQ.Storage.PinataClient&gt;)" line-rate="1" branch-rate="1" complexity="1">
              <lines>
                <line number="107" hits="16" branch="False" />
                <line number="108" hits="16" branch="False" />
                <line number="109" hits="16" branch="False" />
                <line number="110" hits="16" branch="False" />
                <line number="112" hits="16" branch="False" />
                <line number="113" hits="16" branch="False" />
                <line number="114" hits="16" branch="False" />
                <line number="116" hits="16" branch="False" />
                <line number="117" hits="16" branch="False" />
                <line number="118" hits="16" branch="False" />
              </lines>
            </method>
          </methods>
          <lines>
            <line number="125" hits="16" branch="False" />
            <line number="126" hits="16" branch="False" />
            <line number="127" hits="16" branch="False" />
            <line number="128" hits="16" branch="False" />
            <line number="129" hits="16" branch="False" />
            <line number="130" hits="16" branch="False" />
            <line number="131" hits="16" branch="False" />
            <line number="132" hits="16" branch="False" />
            <line number="133" hits="8" branch="False" />
            <line number="134" hits="16" branch="False" />
            <line number="135" hits="16" branch="False" />
            <line number="136" hits="0" branch="False" />
            <line number="137" hits="0" branch="False" />
            <line number="138" hits="0" branch="False" />
            <line number="139" hits="0" branch="False" />
            <line number="140" hits="16" branch="False" />
            <line number="141" hits="16" branch="False" />
            <line number="142" hits="16" branch="False" />
            <line number="143" hits="0" branch="False" />
            <line number="144" hits="0" branch="False" />
            <line number="145" hits="16" branch="False" />
            <line number="146" hits="16" branch="False" />
            <line number="147" hits="16" branch="False" />
            <line number="148" hits="16" branch="False" />
            <line number="165" hits="16" branch="False" />
            <line number="166" hits="16" branch="False" />
            <line number="168" hits="16" branch="True" condition-coverage="50% (1/2)">
              <conditions>
                <condition number="71" type="jump" coverage="50%" />
              </conditions>
            </line>
            <line number="170" hits="16" branch="False" />
            <line number="171" hits="16" branch="False" />
            <line number="173" hits="0" branch="True" condition-coverage="0% (0/4)">
              <conditions>
                <condition number="127" type="jump" coverage="0%" />
                <condition number="145" type="jump" coverage="0%" />
              </conditions>
            </line>
            <line number="175" hits="0" branch="False" />
            <line number="176" hits="0" branch="False" />
            <line number="178" hits="0" branch="True" condition-coverage="0% (0/2)">
              <conditions>
                <condition number="223" type="jump" coverage="0%" />
              </conditions>
            </line>
            <line number="181" hits="0" branch="False" />
            <line number="182" hits="0" branch="False" />
            <line number="183" hits="0" branch="False" />
            <line number="185" hits="0" branch="False" />
            <line number="435" hits="2" branch="False" />
            <line number="458" hits="0" branch="False" />
            <line number="459" hits="0" branch="False" />
            <line number="460" hits="0" branch="False" />
            <line number="462" hits="0" branch="False" />
            <line number="463" hits="0" branch="False" />
            <line number="464" hits="0" branch="False" />
            <line number="466" hits="0" branch="False" />
            <line number="467" hits="0" branch="False" />
            <line number="468" hits="0" branch="False" />
            <line number="469" hits="0" branch="False" />
            <line number="470" hits="0" branch="False" />
            <line number="471" hits="0" branch="False" />
            <line number="472" hits="0" branch="False" />
            <line number="473" hits="0" branch="False" />
            <line number="107" hits="16" branch="False" />
            <line number="108" hits="16" branch="False" />
            <line number="109" hits="16" branch="False" />
            <line number="110" hits="16" branch="False" />
            <line number="112" hits="16" branch="False" />
            <line number="113" hits="16" branch="False" />
            <line number="114" hits="16" branch="False" />
            <line number="116" hits="16" branch="False" />
            <line number="117" hits="16" branch="False" />
            <line number="118" hits="16" branch="False" />
          </lines>
        </class>
        <class name="ResQ.Storage.PinataClient/PinataUploadResponse" filename="PinataClient.cs" line-rate="1" branch-rate="1" complexity="4">
          <methods>
            <method name="get_IpfsHash" signature="()" line-rate="1" branch-rate="1" complexity="1">
              <lines>
                <line number="477" hits="14" branch="False" />
              </lines>
            </method>
            <method name="get_PinSize" signature="()" line-rate="1" branch-rate="1" complexity="1">
              <lines>
                <line number="478" hits="14" branch="False" />
              </lines>
            </method>
            <method name="get_Timestamp" signature="()" line-rate="1" branch-rate="1" complexity="1">
              <lines>
                <line number="479" hits="14" branch="False" />
              </lines>
            </method>
            <method name=".ctor" signature="(System.String,System.Int64,System.DateTimeOffset)" line-rate="1" branch-rate="1" complexity="1">
              <lines>
                <line number="476" hits="7" branch="False" />
              </lines>
            </method>
          </methods>
          <lines>
            <line number="477" hits="14" branch="False" />
            <line number="478" hits="14" branch="False" />
            <line number="479" hits="14" branch="False" />
            <line number="476" hits="7" branch="False" />
          </lines>
        </class>
        <class name="ResQ.Storage.PinataClient/PinataMetadataRequest" filename="PinataClient.cs" line-rate="1" branch-rate="1" complexity="2">
          <methods>
            <method name="get_Name" signature="()" line-rate="1" branch-rate="1" complexity="1">
              <lines>
                <line number="484" hits="3" branch="False" />
              </lines>
            </method>
            <method name="get_KeyValues" signature="()" line-rate="1" branch-rate="1" complexity="1">
              <lines>
                <line number="487" hits="3" branch="False" />
              </lines>
            </method>
          </methods>
          <lines>
            <line number="484" hits="3" branch="False" />
            <line number="487" hits="3" branch="False" />
          </lines>
        </class>
        <class name="ResQ.Storage.PinataClient/PinataPinListResponse" filename="PinataClient.cs" line-rate="1" branch-rate="1" complexity="3">
          <methods>
            <method name="get_Count" signature="()" line-rate="1" branch-rate="1" complexity="1">
              <lines>
                <line number="491" hits="2" branch="False" />
              </lines>
            </method>
            <method name="get_Rows" signature="()" line-rate="1" branch-rate="1" complexity="1">
              <lines>
                <line number="492" hits="6" branch="False" />
              </lines>
            </method>
            <method name=".ctor" signature="(System.Int32,System.Collections.Generic.List`1&lt;ResQ.Storage.PinataClient/PinataPinRow&gt;)" line-rate="1" branch-rate="1" complexity="1">
              <lines>
                <line number="490" hits="4" branch="False" />
              </lines>
            </method>
          </methods>
          <lines>
            <line number="491" hits="2" branch="False" />
            <line number="492" hits="6" branch="False" />
            <line number="490" hits="4" branch="False" />
          </lines>
        </class>
        <class name="ResQ.Storage.PinataClient/PinataPinRow" filename="PinataClient.cs" line-rate="1" branch-rate="1" complexity="5">
          <methods>
            <method name="get_IpfsPinHash" signature="()" line-rate="1" branch-rate="1" complexity="1">
              <lines>
                <line number="495" hits="3" branch="False" />
              </lines>
            </method>
            <method name="get_Size" signature="()" line-rate="1" branch-rate="1" complexity="1">
              <lines>
                <line number="496" hits="3" branch="False" />
              </lines>
            </method>
            <method name="get_DatePinned" signature="()" line-rate="1" branch-rate="1" complexity="1">
              <lines>
                <line number="497" hits="3" branch="False" />
              </lines>
            </method>
            <method name="get_Metadata" signature="()" line-rate="1" branch-rate="1" complexity="1">
              <lines>
                <line number="498" hits="10" branch="False" />
              </lines>
            </method>
            <method name=".ctor" signature="(System.String,System.Int64,System.DateTimeOffset,ResQ.Storage.PinataClient/PinataPinMetadata)" line-rate="1" branch-rate="1" complexity="1">
              <lines>
                <line number="494" hits="4" branch="False" />
              </lines>
            </method>
          </methods>
          <lines>
            <line number="495" hits="3" branch="False" />
            <line number="496" hits="3" branch="False" />
            <line number="497" hits="3" branch="False" />
            <line number="498" hits="10" branch="False" />
            <line number="494" hits="4" branch="False" />
          </lines>
        </class>
        <class name="ResQ.Storage.PinataClient/PinataPinMetadata" filename="PinataClient.cs" line-rate="1" branch-rate="1" complexity="3">
          <methods>
            <method name="get_Name" signature="()" line-rate="1" branch-rate="1" complexity="1">
              <lines>
                <line number="501" hits="3" branch="False" />
              </lines>
            </method>
            <method name="get_KeyValues" signature="()" line-rate="1" branch-rate="1" complexity="1">
              <lines>
                <line number="502" hits="6" branch="False" />
              </lines>
            </method>
            <method name=".ctor" signature="(System.String,System.Collections.Generic.Dictionary`2&lt;System.String,System.String&gt;)" line-rate="1" branch-rate="1" complexity="1">
              <lines>
                <line number="500" hits="3" branch="False" />
              </lines>
            </method>
          </methods>
          <lines>
            <line number="501" hits="3" branch="False" />
            <line number="502" hits="6" branch="False" />
            <line number="500" hits="3" branch="False" />
          </lines>
        </class>
        <class name="ResQ.Storage.PinataClient/&lt;&gt;c" filename="PinataClient.cs" line-rate="1" branch-rate="0.5" complexity="8">
          <methods>
            <method name="&lt;ListPinsAsync&gt;b__12_0" signature="(ResQ.Storage.PinataClient/PinataPinRow)" line-rate="1" branch-rate="0.5" complexity="8">
              <lines>
                <line number="420" hits="3" branch="True" condition-coverage="50% (4/8)">
                  <conditions>
                    <condition number="13" type="jump" coverage="50%" />
                    <condition number="25" type="jump" coverage="50%" />
                    <condition number="52" type="jump" coverage="50%" />
                    <condition number="64" type="jump" coverage="50%" />
                  </conditions>
                </line>
                <line number="421" hits="3" branch="False" />
                <line number="422" hits="3" branch="False" />
                <line number="423" hits="3" branch="False" />
                <line number="424" hits="3" branch="False" />
                <line number="425" hits="3" branch="False" />
              </lines>
            </method>
          </methods>
          <lines>
            <line number="420" hits="3" branch="True" condition-coverage="50% (4/8)">
              <conditions>
                <condition number="13" type="jump" coverage="50%" />
                <condition number="25" type="jump" coverage="50%" />
                <condition number="52" type="jump" coverage="50%" />
                <condition number="64" type="jump" coverage="50%" />
              </conditions>
            </line>
            <line number="421" hits="3" branch="False" />
            <line number="422" hits="3" branch="False" />
            <line number="423" hits="3" branch="False" />
            <line number="424" hits="3" branch="False" />
            <line number="425" hits="3" branch="False" />
          </lines>
        </class>
        <class name="ResQ.Storage.PinataClient/&lt;&gt;c__DisplayClass7_0/&lt;&lt;UploadAsync&gt;b__0&gt;d" filename="PinataClient.cs" line-rate="1" branch-rate="1" complexity="2">
          <methods>
            <method name="MoveNext" signature="()" line-rate="1" branch-rate="1" complexity="2">
              <lines>
                <line number="250" hits="8" branch="False" />
                <line number="251" hits="8" branch="False" />
                <line number="252" hits="8" branch="False" />
                <line number="253" hits="8" branch="False" />
                <line number="254" hits="8" branch="True" condition-coverage="100% (2/2)">
                  <conditions>
                    <condition number="87" type="jump" coverage="100%" />
                  </conditions>
                </line>
                <line number="256" hits="1" branch="False" />
                <line number="258" hits="8" branch="False" />
                <line number="259" hits="8" branch="False" />
              </lines>
            </method>
          </methods>
          <lines>
            <line number="250" hits="8" branch="False" />
            <line number="251" hits="8" branch="False" />
            <line number="252" hits="8" branch="False" />
            <line number="253" hits="8" branch="False" />
            <line number="254" hits="8" branch="True" condition-coverage="100% (2/2)">
              <conditions>
                <condition number="87" type="jump" coverage="100%" />
              </conditions>
            </line>
            <line number="256" hits="1" branch="False" />
            <line number="258" hits="8" branch="False" />
            <line number="259" hits="8" branch="False" />
          </lines>
        </class>
        <class name="ResQ.Storage.PinataClient/&lt;GetAsync&gt;d__9" filename="PinataClient.cs" line-rate="0.7272" branch-rate="0.5" complexity="4">
          <methods>
            <method name="MoveNext" signature="()" line-rate="0.7272" branch-rate="0.5" complexity="4">
              <lines>
                <line number="306" hits="1" branch="False" />
                <line number="307" hits="1" branch="True" condition-coverage="50% (1/2)">
                  <conditions>
                    <condition number="54" type="jump" coverage="50%" />
                  </conditions>
                </line>
                <line number="308" hits="0" branch="False" />
                <line number="310" hits="1" branch="True" condition-coverage="50% (1/2)">
                  <conditions>
                    <condition number="83" type="jump" coverage="50%" />
                  </conditions>
                </line>
                <line number="312" hits="0" branch="False" />
                <line number="313" hits="0" branch="False" />
                <line number="316" hits="1" branch="False" />
                <line number="317" hits="1" branch="False" />
                <line number="318" hits="1" branch="False" />
                <line number="320" hits="1" branch="False" />
                <line number="321" hits="1" branch="False" />
              </lines>
            </method>
          </methods>
          <lines>
            <line number="306" hits="1" branch="False" />
            <line number="307" hits="1" branch="True" condition-coverage="50% (1/2)">
              <conditions>
                <condition number="54" type="jump" coverage="50%" />
              </conditions>
            </line>
            <line number="308" hits="0" branch="False" />
            <line number="310" hits="1" branch="True" condition-coverage="50% (1/2)">
              <conditions>
                <condition number="83" type="jump" coverage="50%" />
              </conditions>
            </line>
            <line number="312" hits="0" branch="False" />
            <line number="313" hits="0" branch="False" />
            <line number="316" hits="1" branch="False" />
            <line number="317" hits="1" branch="False" />
            <line number="318" hits="1" branch="False" />
            <line number="320" hits="1" branch="False" />
            <line number="321" hits="1" branch="False" />
          </lines>
        </class>
        <class name="ResQ.Storage.PinataClient/&lt;IsPinnedAsync&gt;d__10" filename="PinataClient.cs" line-rate="0.7333" branch-rate="0.5" complexity="8">
          <methods>
            <method name="MoveNext" signature="()" line-rate="0.7333" branch-rate="0.5" complexity="8">
              <lines>
                <line number="332" hits="2" branch="False" />
                <line number="333" hits="2" branch="True" condition-coverage="50% (1/2)">
                  <conditions>
                    <condition number="54" type="jump" coverage="50%" />
                  </conditions>
                </line>
                <line number="334" hits="0" branch="False" />
                <line number="336" hits="2" branch="True" condition-coverage="50% (1/2)">
                  <conditions>
                    <condition number="83" type="jump" coverage="50%" />
                  </conditions>
                </line>
                <line number="338" hits="0" branch="False" />
                <line number="339" hits="0" branch="False" />
                <line number="342" hits="2" branch="False" />
                <line number="343" hits="2" branch="False" />
                <line number="344" hits="2" branch="False" />
                <line number="346" hits="2" branch="True" condition-coverage="50% (1/2)">
                  <conditions>
                    <condition number="266" type="jump" coverage="50%" />
                  </conditions>
                </line>
                <line number="347" hits="0" branch="False" />
                <line number="349" hits="2" branch="False" />
                <line number="350" hits="2" branch="False" />
                <line number="352" hits="2" branch="True" condition-coverage="50% (1/2)">
                  <conditions>
                    <condition number="388" type="jump" coverage="50%" />
                  </conditions>
                </line>
                <line number="353" hits="2" branch="False" />
              </lines>
            </method>
          </methods>
          <lines>
            <line number="332" hits="2" branch="False" />
            <line number="333" hits="2" branch="True" condition-coverage="50% (1/2)">
              <conditions>
                <condition number="54" type="jump" coverage="50%" />
              </conditions>
            </line>
            <line number="334" hits="0" branch="False" />
            <line number="336" hits="2" branch="True" condition-coverage="50% (1/2)">
              <conditions>
                <condition number="83" type="jump" coverage="50%" />
              </conditions>
            </line>
            <line number="338" hits="0" branch="False" />
            <line number="339" hits="0" branch="False" />
            <line number="342" hits="2" branch="False" />
            <line number="343" hits="2" branch="False" />
            <line number="344" hits="2" branch="False" />
            <line number="346" hits="2" branch="True" condition-coverage="50% (1/2)">
              <conditions>
                <condition number="266" type="jump" coverage="50%" />
              </conditions>
            </line>
            <line number="347" hits="0" branch="False" />
            <line number="349" hits="2" branch="False" />
            <line number="350" hits="2" branch="False" />
            <line number="352" hits="2" branch="True" condition-coverage="50% (1/2)">
              <conditions>
                <condition number="388" type="jump" coverage="50%" />
              </conditions>
            </line>
            <line number="353" hits="2" branch="False" />
          </lines>
        </class>
        <class name="ResQ.Storage.PinataClient/&lt;ListPinsAsync&gt;d__12" filename="PinataClient.cs" line-rate="0.8" branch-rate="0.5832999999999999" complexity="12">
          <methods>
            <method name="MoveNext" signature="()" line-rate="0.8" branch-rate="0.5832999999999999" complexity="12">
              <lines>
                <line number="398" hits="2" branch="True" condition-coverage="50% (2/4)">
                  <conditions>
                    <condition number="34" type="jump" coverage="50%" />
                    <condition number="47" type="jump" coverage="50%" />
                  </conditions>
                </line>
                <line number="399" hits="0" branch="False" />
                <line number="401" hits="2" branch="True" condition-coverage="50% (1/2)">
                  <conditions>
                    <condition number="87" type="jump" coverage="50%" />
                  </conditions>
                </line>
                <line number="403" hits="0" branch="False" />
                <line number="404" hits="0" branch="False" />
                <line number="407" hits="2" branch="False" />
                <line number="408" hits="2" branch="True" condition-coverage="100% (2/2)">
                  <conditions>
                    <condition number="185" type="jump" coverage="100%" />
                  </conditions>
                </line>
                <line number="410" hits="1" branch="False" />
                <line number="413" hits="2" branch="False" />
                <line number="414" hits="2" branch="False" />
                <line number="416" hits="2" branch="False" />
                <line number="417" hits="2" branch="False" />
                <line number="419" hits="2" branch="True" condition-coverage="50% (2/4)">
                  <conditions>
                    <condition number="448" type="jump" coverage="50%" />
                    <condition number="501" type="jump" coverage="50%" />
                  </conditions>
                </line>
                <line number="426" hits="2" branch="False" />
                <line number="427" hits="2" branch="False" />
              </lines>
            </method>
          </methods>
          <lines>
            <line number="398" hits="2" branch="True" condition-coverage="50% (2/4)">
              <conditions>
                <condition number="34" type="jump" coverage="50%" />
                <condition number="47" type="jump" coverage="50%" />
              </conditions>
            </line>
            <line number="399" hits="0" branch="False" />
            <line number="401" hits="2" branch="True" condition-coverage="50% (1/2)">
              <conditions>
                <condition number="87" type="jump" coverage="50%" />
              </conditions>
            </line>
            <line number="403" hits="0" branch="False" />
            <line number="404" hits="0" branch="False" />
            <line number="407" hits="2" branch="False" />
            <line number="408" hits="2" branch="True" condition-coverage="100% (2/2)">
              <conditions>
                <condition number="185" type="jump" coverage="100%" />
              </conditions>
            </line>
            <line number="410" hits="1" branch="False" />
            <line number="413" hits="2" branch="False" />
            <line number="414" hits="2" branch="False" />
            <line number="416" hits="2" branch="False" />
            <line number="417" hits="2" branch="False" />
            <line number="419" hits="2" branch="True" condition-coverage="50% (2/4)">
              <conditions>
                <condition number="448" type="jump" coverage="50%" />
                <condition number="501" type="jump" coverage="50%" />
              </conditions>
            </line>
            <line number="426" hits="2" branch="False" />
            <line number="427" hits="2" branch="False" />
          </lines>
        </class>
        <class name="ResQ.Storage.PinataClient/&lt;UnpinAsync&gt;d__11" filename="PinataClient.cs" line-rate="0.6666" branch-rate="0.5" complexity="6">
          <methods>
            <method name="MoveNext" signature="()" line-rate="0.6666" branch-rate="0.5" complexity="6">
              <lines>
                <line number="364" hits="1" branch="False" />
                <line number="365" hits="1" branch="True" condition-coverage="50% (1/2)">
                  <conditions>
                    <condition number="47" type="jump" coverage="50%" />
                  </conditions>
                </line>
                <line number="366" hits="0" branch="False" />
                <line number="368" hits="1" branch="True" condition-coverage="50% (1/2)">
                  <conditions>
                    <condition number="76" type="jump" coverage="50%" />
                  </conditions>
                </line>
                <line number="370" hits="0" branch="False" />
                <line number="371" hits="0" branch="False" />
                <line number="374" hits="1" branch="False" />
                <line number="375" hits="1" branch="False" />
                <line number="376" hits="1" branch="False" />
                <line number="378" hits="1" branch="True" condition-coverage="50% (1/2)">
                  <conditions>
                    <condition number="259" type="jump" coverage="50%" />
                  </conditions>
                </line>
                <line number="380" hits="1" branch="False" />
                <line number="381" hits="1" branch="False" />
                <line number="384" hits="0" branch="False" />
                <line number="385" hits="0" branch="False" />
                <line number="386" hits="1" branch="False" />
              </lines>
            </method>
          </methods>
          <lines>
            <line number="364" hits="1" branch="False" />
            <line number="365" hits="1" branch="True" condition-coverage="50% (1/2)">
              <conditions>
                <condition number="47" type="jump" coverage="50%" />
              </conditions>
            </line>
            <line number="366" hits="0" branch="False" />
            <line number="368" hits="1" branch="True" condition-coverage="50% (1/2)">
              <conditions>
                <condition number="76" type="jump" coverage="50%" />
              </conditions>
            </line>
            <line number="370" hits="0" branch="False" />
            <line number="371" hits="0" branch="False" />
            <line number="374" hits="1" branch="False" />
            <line number="375" hits="1" branch="False" />
            <line number="376" hits="1" branch="False" />
            <line number="378" hits="1" branch="True" condition-coverage="50% (1/2)">
              <conditions>
                <condition number="259" type="jump" coverage="50%" />
              </conditions>
            </line>
            <line number="380" hits="1" branch="False" />
            <line number="381" hits="1" branch="False" />
            <line number="384" hits="0" branch="False" />
            <line number="385" hits="0" branch="False" />
            <line number="386" hits="1" branch="False" />
          </lines>
        </class>
        <class name="ResQ.Storage.PinataClient/&lt;UploadAsync&gt;d__7" filename="PinataClient.cs" line-rate="0.8181" branch-rate="0.6875" complexity="16">
          <methods>
            <method name="MoveNext" signature="()" line-rate="0.8181" branch-rate="0.6875" complexity="16">
              <lines>
                <line number="200" hits="9" branch="True" condition-coverage="100% (2/2)">
                  <conditions>
                    <condition number="24" type="jump" coverage="100%" />
                  </conditions>
                </line>
                <line number="201" hits="9" branch="False" />
                <line number="202" hits="9" branch="False" />
                <line number="204" hits="9" branch="True" condition-coverage="50% (1/2)">
                  <conditions>
                    <condition number="165" type="jump" coverage="50%" />
                  </conditions>
                </line>
                <line number="206" hits="0" branch="False" />
                <line number="210" hits="9" branch="True" condition-coverage="75% (3/4)">
                  <conditions>
                    <condition number="194" type="jump" coverage="100%" />
                    <condition number="221" type="jump" coverage="50%" />
                  </conditions>
                </line>
                <line number="212" hits="0" branch="False" />
                <line number="213" hits="0" branch="False" />
                <line number="214" hits="0" branch="False" />
                <line number="217" hits="9" branch="True" condition-coverage="50% (1/2)">
                  <conditions>
                    <condition number="389" type="jump" coverage="50%" />
                  </conditions>
                </line>
                <line number="219" hits="0" branch="False" />
                <line number="225" hits="9" branch="False" />
                <line number="226" hits="9" branch="False" />
                <line number="227" hits="8" branch="False" />
                <line number="230" hits="8" branch="True" condition-coverage="50% (1/2)">
                  <conditions>
                    <condition number="737" type="jump" coverage="50%" />
                  </conditions>
                </line>
                <line number="232" hits="0" branch="False" />
                <line number="233" hits="0" branch="False" />
                <line number="234" hits="0" branch="False" />
                <line number="238" hits="8" branch="False" />
                <line number="239" hits="8" branch="True" condition-coverage="100% (2/2)">
                  <conditions>
                    <condition number="914" type="jump" coverage="100%" />
                  </conditions>
                </line>
                <line number="241" hits="1" branch="False" />
                <line number="242" hits="1" branch="False" />
                <line number="246" hits="8" branch="False" />
                <line number="247" hits="8" branch="False" />
                <line number="248" hits="8" branch="False" />
                <line number="249" hits="8" branch="False" />
                <line number="255" hits="8" branch="False" />
                <line number="257" hits="8" branch="False" />
                <line number="260" hits="8" branch="False" />
                <line number="262" hits="8" branch="False" />
                <line number="264" hits="7" branch="True" condition-coverage="50% (1/2)">
                  <conditions>
                    <condition number="1229" type="jump" coverage="50%" />
                  </conditions>
                </line>
                <line number="265" hits="7" branch="False" />
                <line number="266" hits="7" branch="False" />
                <line number="268" hits="7" branch="False" />
                <line number="269" hits="7" branch="False" />
                <line number="270" hits="7" branch="False" />
                <line number="272" hits="7" branch="False" />
                <line number="273" hits="7" branch="False" />
                <line number="274" hits="7" branch="False" />
                <line number="275" hits="7" branch="False" />
                <line number="276" hits="7" branch="False" />
                <line number="277" hits="7" branch="False" />
                <line number="278" hits="7" branch="False" />
                <line number="279" hits="7" branch="False" />
              </lines>
            </method>
          </methods>
          <lines>
            <line number="200" hits="9" branch="True" condition-coverage="100% (2/2)">
              <conditions>
                <condition number="24" type="jump" coverage="100%" />
              </conditions>
            </line>
            <line number="201" hits="9" branch="False" />
            <line number="202" hits="9" branch="False" />
            <line number="204" hits="9" branch="True" condition-coverage="50% (1/2)">
              <conditions>
                <condition number="165" type="jump" coverage="50%" />
              </conditions>
            </line>
            <line number="206" hits="0" branch="False" />
            <line number="210" hits="9" branch="True" condition-coverage="75% (3/4)">
              <conditions>
                <condition number="194" type="jump" coverage="100%" />
                <condition number="221" type="jump" coverage="50%" />
              </conditions>
            </line>
            <line number="212" hits="0" branch="False" />
            <line number="213" hits="0" branch="False" />
            <line number="214" hits="0" branch="False" />
            <line number="217" hits="9" branch="True" condition-coverage="50% (1/2)">
              <conditions>
                <condition number="389" type="jump" coverage="50%" />
              </conditions>
            </line>
            <line number="219" hits="0" branch="False" />
            <line number="225" hits="9" branch="False" />
            <line number="226" hits="9" branch="False" />
            <line number="227" hits="8" branch="False" />
            <line number="230" hits="8" branch="True" condition-coverage="50% (1/2)">
              <conditions>
                <condition number="737" type="jump" coverage="50%" />
              </conditions>
            </line>
            <line number="232" hits="0" branch="False" />
            <line number="233" hits="0" branch="False" />
            <line number="234" hits="0" branch="False" />
            <line number="238" hits="8" branch="False" />
            <line number="239" hits="8" branch="True" condition-coverage="100% (2/2)">
              <conditions>
                <condition number="914" type="jump" coverage="100%" />
              </conditions>
            </line>
            <line number="241" hits="1" branch="False" />
            <line number="242" hits="1" branch="False" />
            <line number="246" hits="8" branch="False" />
            <line number="247" hits="8" branch="False" />
            <line number="248" hits="8" branch="False" />
            <line number="249" hits="8" branch="False" />
            <line number="255" hits="8" branch="False" />
            <line number="257" hits="8" branch="False" />
            <line number="260" hits="8" branch="False" />
            <line number="262" hits="8" branch="False" />
            <line number="264" hits="7" branch="True" condition-coverage="50% (1/2)">
              <conditions>
                <condition number="1229" type="jump" coverage="50%" />
              </conditions>
            </line>
            <line number="265" hits="7" branch="False" />
            <line number="266" hits="7" branch="False" />
            <line number="268" hits="7" branch="False" />
            <line number="269" hits="7" branch="False" />
            <line number="270" hits="7" branch="False" />
            <line number="272" hits="7" branch="False" />
            <line number="273" hits="7" branch="False" />
            <line number="274" hits="7" branch="False" />
            <line number="275" hits="7" branch="False" />
            <line number="276" hits="7" branch="False" />
            <line number="277" hits="7" branch="False" />
            <line number="278" hits="7" branch="False" />
            <line number="279" hits="7" branch="False" />
          </lines>
        </class>
        <class name="ResQ.Storage.PinataClient/&lt;UploadAsync&gt;d__8" filename="PinataClient.cs" line-rate="1" branch-rate="1" complexity="1">
          <methods>
            <method name="MoveNext" signature="()" line-rate="1" branch-rate="1" complexity="1">
              <lines>
                <line number="293" hits="1" branch="False" />
                <line number="294" hits="1" branch="False" />
                <line number="295" hits="1" branch="False" />
              </lines>
            </method>
          </methods>
          <lines>
            <line number="293" hits="1" branch="False" />
            <line number="294" hits="1" branch="False" />
            <line number="295" hits="1" branch="False" />
          </lines>
        </class>
        <class name="ResQ.Storage.PinataOptions" filename="PinataOptions.cs" line-rate="0.75" branch-rate="1" complexity="8">
          <methods>
            <method name="get_ApiUrl" signature="()" line-rate="1" branch-rate="1" complexity="1">
              <lines>
                <line number="79" hits="34" branch="False" />
              </lines>
            </method>
            <method name="get_GatewayUrl" signature="()" line-rate="1" branch-rate="1" complexity="1">
              <lines>
                <line number="99" hits="37" branch="False" />
              </lines>
            </method>
            <method name="get_JwtToken" signature="()" line-rate="1" branch-rate="1" complexity="1">
              <lines>
                <line number="120" hits="49" branch="False" />
              </lines>
            </method>
            <method name="get_ApiKey" signature="()" line-rate="0" branch-rate="1" complexity="1">
              <lines>
                <line number="141" hits="0" branch="False" />
              </lines>
            </method>
            <method name="get_ApiSecret" signature="()" line-rate="0" branch-rate="1" complexity="1">
              <lines>
                <line number="161" hits="0" branch="False" />
              </lines>
            </method>
            <method name="get_MockMode" signature="()" line-rate="1" branch-rate="1" complexity="1">
              <lines>
                <line number="186" hits="33" branch="False" />
              </lines>
            </method>
            <method name="get_MaxFileSizeBytes" signature="()" line-rate="1" branch-rate="1" complexity="1">
              <lines>
                <line number="211" hits="52" branch="False" />
              </lines>
            </method>
            <method name="get_TimeoutSeconds" signature="()" line-rate="1" branch-rate="1" complexity="1">
              <lines>
                <line number="231" hits="50" branch="False" />
              </lines>
            </method>
          </methods>
          <lines>
            <line number="79" hits="34" branch="False" />
            <line number="99" hits="37" branch="False" />
            <line number="120" hits="49" branch="False" />
            <line number="141" hits="0" branch="False" />
            <line number="161" hits="0" branch="False" />
            <line number="186" hits="33" branch="False" />
            <line number="211" hits="52" branch="False" />
            <line number="231" hits="50" branch="False" />
          </lines>
        </class>
      </classes>
    </package>
  </packages>
</coverage>